
=== Wed Oct 23 05:52:02 2019

Packages were changed.
Update Mode: mergeDefaultDependencies

The following packages were added:
  com.unity.xr.management@3.0.3
The following packages were updated:
  com.unity.ide.vscode from version 1.0.7 to 1.1.2
  com.unity.test-framework from version 1.0.17 to 1.1.2
  com.unity.timeline from version 1.1.0 to 1.2.2

=== Sat Jun 18 13:07:55 2022

Packages were changed.
Update Mode: updateDependencies

The following packages were added:
  com.unity.ide.visualstudio@2.0.15
The following packages were updated:
  com.unity.ext.nunit from version 1.0.0 to 1.0.6
  com.unity.ide.rider from version 1.1.1 to 3.0.14
  com.unity.ide.vscode from version 1.1.2 to 1.2.5
  com.unity.mathematics from version 1.1.0 to 1.2.6
  com.unity.render-pipelines.universal from version 7.1.2 to 12.1.7
  com.unity.test-framework from version 1.1.3 to 1.1.31
  com.unity.textmeshpro from version 2.0.1 to 3.0.6
  com.unity.timeline from version 1.2.4 to 1.6.4
